<?xml version="1.0" encoding="UTF-8"?>
<!-- Generated by org.testng.reporters.JUnitReportReporter -->
<testsuite hostname="DESKTOP-1I2K01G" failures="0" tests="1" name="com.maven1.Login" time="0.066" errors="0" timestamp="2024-01-19T19:18:04 IST" skipped="0">
  <testcase classname="com.maven1.Login" name="username" time="0.066"/>
  <system-out>
    <![CDATA[maven]]>
  </system-out>
</testsuite> <!-- com.maven1.Login -->
